code:34% ln -s ../../../asu .
code:36% which ctoohtml
/usr/local/bin/ctoohtml
code:37% ctoohtml `ls asu/src/*.c asu/src/*.cc asu/inc/*.h asu/inc/*.hh | egrep -v _def.c`
ctoohtml version 1.2
Parsing source files ...
Parsing tag file ...
Warning: unknown tag type found: "hashEntry". File: asuHashTable.hh, line 14 (may be ok)
Warning: unknown tag type found: "pHashEntry". File: asuHashTable.hh, line 27 (may be ok)
68 tags found.
Postprocessing tag information...
Warning: overloaded tag (NEW) found.
stafCorba.h() and stafCorba.h().
Warning: overloaded tag (BIND) found.
stafCorba.h() and stafCorba.h().
Warning: overloaded tag (RELEASE) found.
stafCorba.h() and stafCorba.h().
Warning: overloaded tag (DELETE) found.
stafCorba.h() and stafCorba.h().
Warning: overloaded tag (CORBA_TIE) found.
stafCorba.h() and stafCorba.h().
Warning: overloaded tag (TRUE) found.
stafGeneric.h() and sutLib.cc().
Warning: overloaded tag (FALSE) found.
stafGeneric.h() and sutLib.cc().
Warning: overloaded tag (CC_P) found.
stafGeneric.h() and stafGeneric.h().
Warning: overloaded tag (CC_P) found.
stafGeneric.h() and sutLib.h().
Generating HTML files...
***********************************
asuClasses.hh
***********************************
kuip.h
***********************************
asu_init.cc
***********************************
asuHashTable.hh
***********************************
stafCorba.h
***********************************
asu_kam.cc
***********************************
asuLib.h
***********************************
stafGeneric.h
***********************************
eml_init.cc
***********************************
asu_codes.h
***********************************
sutClasses.hh
***********************************
eml_stubs.cc
***********************************
asu_globals.h
***********************************
sutLib.h
***********************************
heartbeat.c
***********************************
asu_macros.h
***********************************
asuAlloc.c
***********************************
sutClasses.cc
***********************************
asu_types.h
***********************************
asuHashTable.cc
***********************************
sutLib.cc
Generating Index...
Generating Tag Index...
Generating File-sorted Tag Index...
DONE.
code:38% rm asu
code:39% 
