Warning in <TEnvRec::ChangeValue>: duplicate entry <Library.TMCParticle=libEGPythia6.so libEG.so libGraf.so> for level 0; ignored
  *******************************************
  *                                         *
  *        W E L C O M E  to  R O O T       *
  *                                         *
  *   Version   4.04/02   6 November 2005   *
  *                                         *
  *  You are welcome to visit our Web site  *
  *          http://root.cern.ch            *
  *                                         *
  *******************************************

FreeType Engine v2.1.3 used to render TrueType fonts.
Compiled for linux with thread support.

CINT/ROOT C/C++ Interpreter version 5.15.169, Mar 14 2005
Type ? for help. Commands must be C++ statements.
Enclose multiple statements between { }.
*** Float Point Exception is OFF ***
 *** Start at Date : Fri Mar 10 18:38:52 2006
QAInfo:You are using STAR_LEVEL : dev, ROOT_LEVEL : 4.04.02 and node : rcas6010.rcf.bnl.gov 

Processing rdEztFeePed.C...
Note: File "/afs/rhic.bnl.gov/star/packages/DEV/.sl305_gcc323/lib/StarClassLibrary.so" already loaded
strangeArrayNames-arrayNames-__NARRAYS__ = 0
 loading of shared libraries done
 loading done 
Error in <TClass::BuildRealData>: can not find any ShowMembers function for StV0I!
Error in <TClass::BuildRealData>: can not find any ShowMembers function for StXiI!
adding muDst from 'st_physics_7064056_raw_1040001.MuDst.root' ....
##### void StMuDstMaker::setProbabilityPidFile(const char*) ##### ATTENTION: pid table hardwired to /afs/rhic.bnl.gov/star/packages/DEV/StarDb/dEdxModel/PIDTableP01gl.root
Warning: conversion from 64bit to 32bit integer FILE:rdEztFeePed.C LINE:28
total eve in chain =10000
in=/star/data03/daq/2006/064/st_physics_7064056_raw_1040001.MuDst.root=
StMuDstMaker::SetStatus 0 to MuEvent
StMuDstMaker::SetStatus 0 to PrimaryVertices
StMuDstMaker::SetStatus 0 to PrimaryTracks
StMuDstMaker::SetStatus 0 to GlobalTracks
StMuDstMaker::SetStatus 0 to OtherTracks
StMuDstMaker::SetStatus 0 to L3Tracks
StMuDstMaker::SetStatus 0 to RichSpectra
StMuDstMaker::SetStatus 0 to DetectorStates
StMuDstMaker::SetStatus 0 to L3AlgoAccept
StMuDstMaker::SetStatus 0 to L3AlgoReject
StMuDstMaker::SetStatus 0 to Event
StMuDstMaker::SetStatus 0 to McEvent
StMuDstMaker::SetStatus 0 to V0
StMuDstMaker::SetStatus 0 to McV0
StMuDstMaker::SetStatus 0 to V0Assoc
StMuDstMaker::SetStatus 0 to Xi
StMuDstMaker::SetStatus 0 to McXi
StMuDstMaker::SetStatus 0 to XiAssoc
StMuDstMaker::SetStatus 0 to Kink
StMuDstMaker::SetStatus 0 to McKink
StMuDstMaker::SetStatus 0 to KinkAssoc
StMuDstMaker::SetStatus 0 to StrangeCuts
StMuDstMaker::SetStatus 0 to EmcTow
StMuDstMaker::SetStatus 0 to EmcPrs
StMuDstMaker::SetStatus 0 to EmcSmde
StMuDstMaker::SetStatus 0 to EmcSmdp
StMuDstMaker::SetStatus 0 to EEmcPrs
StMuDstMaker::SetStatus 0 to EEmcSmdu
StMuDstMaker::SetStatus 0 to EEmcSmdv
StMuDstMaker::SetStatus 0 to PmdHit
StMuDstMaker::SetStatus 0 to CpvHit
StMuDstMaker::SetStatus 0 to PmdCluster
StMuDstMaker::SetStatus 0 to CpvCluster
StMuDstMaker::SetStatus 0 to TofHit
StMuDstMaker::SetStatus 0 to TofData
StMuDstMaker::SetStatus 0 to TofRawData
StMuDstMaker::SetStatus 0 to EztHead
StMuDstMaker::SetStatus 0 to EztTrig
StMuDstMaker::SetStatus 0 to EztETow
StMuDstMaker::SetStatus 0 to EztESmd
StMuDstMaker::SetStatus 0 to EztFpd
StMuDstMaker::SetStatus 1 to EztAll
Initialized 768 tower histos
  0 - StChain	.maker
  1 - StChain/.make	TObjectSet
  2 - StChain/.make/MuDst	.maker
  2 - StChain/.make/eeFeePed	.maker
  1 - StChain/.data	TObjectSet
  1 - StChain/.const	TObjectSet
  2 - StChain/.const/EvtHddr	TDataSet
  1 - StChain/.garb	TObjectSet
  1 - StChain/.aliases	TObjectSet
  1 - StChain/.runco	TObjectSet
  1 - StChain/.hist	TObjectSet
All Ezt-branches set


 ====================1000  processing  ==============


 ====================2000  processing  ==============


 ====================3000  processing  ==============
sorting done, nEve=3000 of 10000
sorting done 3000 of   nEve=10000, elapsed rate=81.1 Hz, tot 0.6 minutes
CPU time/event= 0.00586 sec   rate= 170.358 Hz
Assertion (fo) error:  FILE:rdEztFeePed.C LINE:105
name   Nentries chi2  gaus_ampl gaus_mean gaus_sig err_ampl err_mean err_sig 


Did you created dir=feePed4/ ???  ,JB

ABORT macro

*** Interpreter error recovered ***
FILE:rdEztFeePed.C LINE:105 cint>   write to 'feePed4/crate1board1.ped4'
<TCanvas::MakeDefCanvas>: created default TCanvas with name c1
Error: fprintf param[0]=0 must not be 0 FILE:rdEztFeePed.C LINE:130
*** Interpreter error recovered ***
StQAInfo: =================================================================================
StQAInfo: QAInfo:Chain              StChain::StChain              Ast = 37.83        Cpu = 16.99
StQAInfo: QAInfo:Maker        StFeePedMaker::eeFeePed             Ast =  7.75(20.5%) Cpu =  4.53(26.7%)
StQAInfo: QAInfo:Maker         StMuDstMaker::MuDst                Ast = 30.08(79.5%) Cpu = 12.46(73.3%)
StInfo: --------------Error Codes-------------------------
StInfo:      nStOK   nStWarn    nStEOF    nStErr  nStFatal
StInfo:       6000         0         0         0         0
StInfo: --------------------------------------------------
                TMemStat::Summary(calls)        Min        Aver         Max         RMS 
=============================================================================================
*** Chain not deleted***

This is the end of ROOT -- Goodbye

