NOTE: This example output was created with command:

  ./taumain_hepevt_example.exe > taumain_hepevt_example.out 2>&1

 *************************************
 *     TAUOLA C++ Interface v1.1.4   *
 *-----------------------------------*
 *                                   *
 *   (c) Nadia    Davidson,   (1,2)  *
 *       Gizo     Nanava,     (3)    *
 *       Tomasz   Przedzinski,(4)    *
 *       Elzbieta Richter-Was,(2,4)  *
 *       Zbigniew Was         (2,5)  *
 *                                   *
 *  1) Unimelb, Melbourne, Australia *
 *  2)     INP, Krakow, Poland       *
 *  3) University Bonn, Germany      *
 *  4)      UJ, Krakow, Poland       *
 *  5)    CERN, Geneva, Switzerland  *
 *************************************
Reading SANC input files.
File 'table1-1.txt'  missing... skipped.
File 'table2-2.txt'  missing... skipped.
File 'table11-11.txt' missing... skipped.

#########################################################################################
Tauola++ parameters set at initialization
(this check-method can be used at any moment of program execution).
Parameters meaning, defaults, and allowed ranges are explained in program documentation 
http://www.ph.unimelb.edu.au/~ndavidson/tauola/Tauola_interface_design.pdf 

-----------------------------------------------------------

variables used mainly  in C++ interface:  

Tau mass:                                     1.77699995041
Tau lifetime:                                 0.08711
Tau PDG id:                                   15

Decay of eta, K0s, pi on/off:                 0,0,0

Length units:                                 MM
Momentum units:                               GEV
Momentum conservation threshold (for checks): 0.1

Higgs (scalar-pseudoscalar) PDG id:           35
Higgs (scalar-pseudoscalar) mixing angle:     0.785398163397


Switches used in spin correlation methods on/off for:
GAMMA,Z0,HIGGS,HIGGS_H,HIGGS_A,HIGGS_PLUS,HIGGS_MINUS,W_PLUS,W_MINUS: 1,1,1,1,1,1,1,1,1

-----------------------------------------------------------

variables used in tau decays : 

-----------------------------------------------------------

tau+ decay mode:                                               0
tau- decay mode:                                               0

a1     relative branching ratio pi- pi- pi+ / pi- pi pi0:      0.5
K0     relative attribute K0_L / K0_S:                         0.5
K0_bar relative attribute K0_L / K0_S:                         0.5
Kstar  relative branching ratio K0 pi- /K- pi0 :               0.666700005531

QED radiation in leptonic decays on/off:                       1
QED radiation in leptonic decays minimal photon energy cutoff: 0.001

#########################################################################################
event BEFORE decays:
TauolaHEPEVTEvent
-----------------
P: ( 0)    -11  3 |  0.0000e+00  0.0000e+00 -2.0000e+00  2.0000e+00 |  5.1110e-04 | M: -1 -1 | D:  2  3
P: ( 1)     11  3 |  0.0000e+00  0.0000e+00  3.5000e+00  3.5000e+00 |  5.1110e-04 | M: -1 -1 | D:  2  3
P: ( 2)    -15  1 |  1.3861e+00  1.3861e+00  7.5000e-01  2.7500e+00 |  1.7770e+00 | M:  0  1 | D: -1 -1
P: ( 3)     15  1 | -1.3861e+00 -1.3861e+00  7.5000e-01  2.7500e+00 |  1.7770e+00 | M:  0  1 | D: -1 -1
event AFTER decays:
TauolaHEPEVTEvent
-----------------
P: ( 0)    -11  3 |  0.0000e+00  0.0000e+00 -2.0000e+00  2.0000e+00 |  5.1110e-04 | M: -1 -1 | D:  2  3
P: ( 1)     11  3 |  0.0000e+00  0.0000e+00  3.5000e+00  3.5000e+00 |  5.1110e-04 | M: -1 -1 | D:  2  3
P: ( 2)    -15  2 |  1.3861e+00  1.3861e+00  7.5000e-01  2.7500e+00 |  1.7770e+00 | M:  0  1 | D:  4  5
P: ( 3)     15  2 | -1.3861e+00 -1.3861e+00  7.5000e-01  2.7500e+00 |  1.7770e+00 | M:  0  1 | D:  9 10
P: ( 4)    -16  1 |  6.1284e-01  1.0547e-01 -1.3531e-01  6.3647e-01 |  9.9874e-03 | M:  2 -1 | D: -1 -1
P: ( 5)  20213  2 |  7.7322e-01  1.2806e+00  8.8531e-01  2.1135e+00 |  1.2023e+00 | M:  2 -1 | D:  6  8
P: ( 6)    211  1 | -1.1896e-01  9.0617e-02  2.2513e-01  3.0418e-01 |  1.3957e-01 | M:  5 -1 | D: -1 -1
P: ( 7)    211  1 |  4.9559e-02  1.3943e-01  3.7366e-01  4.2544e-01 |  1.3957e-01 | M:  5 -1 | D: -1 -1
P: ( 8)   -211  1 |  8.4262e-01  1.0505e+00  2.8652e-01  1.3839e+00 |  1.3957e-01 | M:  5 -1 | D: -1 -1
P: ( 9)     16  1 | -1.1354e+00 -9.3646e-01  7.3817e-01  1.6465e+00 |  9.9961e-03 | M:  3 -1 | D: -1 -1
P: (10) -20213  2 | -2.5068e-01 -4.4959e-01  1.1829e-02  1.1035e+00 |  9.7599e-01 | M:  3 -1 | D: 11 13
P: (11)    111  1 | -4.1427e-01 -5.0863e-01 -5.8139e-02  6.7225e-01 |  1.3496e-01 | M: 10 -1 | D: -1 -1
P: (12)    111  1 |  1.1509e-02  1.0245e-01  1.2777e-01  2.1253e-01 |  1.3496e-01 | M: 10 -1 | D: -1 -1
P: (13)   -211  1 |  1.5208e-01 -4.3414e-02 -5.7801e-02  2.1871e-01 |  1.3957e-01 | M: 10 -1 | D: -1 -1
event BEFORE decays:
TauolaHEPEVTEvent
-----------------
P: ( 0)    -11  3 |  0.0000e+00  0.0000e+00 -2.0000e+00  2.0000e+00 |  5.1110e-04 | M: -1 -1 | D:  2  3
P: ( 1)     11  3 |  0.0000e+00  0.0000e+00  3.5000e+00  3.5000e+00 |  5.1110e-04 | M: -1 -1 | D:  2  3
P: ( 2)    -15  1 |  1.3861e+00  1.3861e+00  7.5000e-01  2.7500e+00 |  1.7770e+00 | M:  0  1 | D: -1 -1
P: ( 3)     15  1 | -1.3861e+00 -1.3861e+00  7.5000e-01  2.7500e+00 |  1.7770e+00 | M:  0  1 | D: -1 -1
event AFTER decays:
TauolaHEPEVTEvent
-----------------
P: ( 0)    -11  3 |  0.0000e+00  0.0000e+00 -2.0000e+00  2.0000e+00 |  5.1110e-04 | M: -1 -1 | D:  2  3
P: ( 1)     11  3 |  0.0000e+00  0.0000e+00  3.5000e+00  3.5000e+00 |  5.1110e-04 | M: -1 -1 | D:  2  3
P: ( 2)    -15  2 |  1.3861e+00  1.3861e+00  7.5000e-01  2.7500e+00 |  1.7770e+00 | M:  0  1 | D:  4  6
P: ( 3)     15  2 | -1.3861e+00 -1.3861e+00  7.5000e-01  2.7500e+00 |  1.7770e+00 | M:  0  1 | D:  7  9
P: ( 4)    -16  1 |  5.6291e-01 -1.3725e-01  5.5782e-01  8.0434e-01 |  1.0000e-02 | M:  2 -1 | D: -1 -1
P: ( 5)    -11  1 |  4.1467e-01  1.5409e-01 -1.6618e-01  4.7256e-01 |  5.1066e-04 | M:  2 -1 | D: -1 -1
P: ( 6)     12  1 |  4.0846e-01  1.3692e+00  3.5837e-01  1.4731e+00 |  1.7263e-04 | M:  2 -1 | D: -1 -1
P: ( 7)     16  1 | -4.6867e-01 -1.2309e+00  9.7128e-01  1.6366e+00 |  9.9964e-03 | M:  3 -1 | D: -1 -1
P: ( 8)     13  1 | -7.4427e-01  1.2482e-01 -1.4904e-01  7.7647e-01 |  1.0566e-01 | M:  3 -1 | D: -1 -1
P: ( 9)    -14  1 | -1.7310e-01 -2.7995e-01 -7.2249e-02  3.3698e-01 |  5.7093e-05 | M:  3 -1 | D: -1 -1
event BEFORE decays:
TauolaHEPEVTEvent
-----------------
P: ( 0)    -11  3 |  0.0000e+00  0.0000e+00 -2.0000e+00  2.0000e+00 |  5.1110e-04 | M: -1 -1 | D:  2  3
P: ( 1)     11  3 |  0.0000e+00  0.0000e+00  3.5000e+00  3.5000e+00 |  5.1110e-04 | M: -1 -1 | D:  2  3
P: ( 2)    -15  1 |  1.3861e+00  1.3861e+00  7.5000e-01  2.7500e+00 |  1.7770e+00 | M:  0  1 | D: -1 -1
P: ( 3)     15  1 | -1.3861e+00 -1.3861e+00  7.5000e-01  2.7500e+00 |  1.7770e+00 | M:  0  1 | D: -1 -1
event AFTER decays:
TauolaHEPEVTEvent
-----------------
P: ( 0)    -11  3 |  0.0000e+00  0.0000e+00 -2.0000e+00  2.0000e+00 |  5.1110e-04 | M: -1 -1 | D:  2  3
P: ( 1)     11  3 |  0.0000e+00  0.0000e+00  3.5000e+00  3.5000e+00 |  5.1110e-04 | M: -1 -1 | D:  2  3
P: ( 2)    -15  2 |  1.3861e+00  1.3861e+00  7.5000e-01  2.7500e+00 |  1.7770e+00 | M:  0  1 | D:  4  5
P: ( 3)     15  2 | -1.3861e+00 -1.3861e+00  7.5000e-01  2.7500e+00 |  1.7770e+00 | M:  0  1 | D:  8 10
P: ( 4)    -16  1 |  7.2036e-01 -1.7479e-01  5.9757e-01  9.5219e-01 |  9.9949e-03 | M:  2 -1 | D: -1 -1
P: ( 5)    213  2 |  6.6569e-01  1.5608e+00  1.5243e-01  1.7978e+00 |  5.7405e-01 | M:  2 -1 | D:  6  7
P: ( 6)    211  1 |  9.3018e-02  2.0579e-01  1.7920e-01  3.2030e-01 |  1.3957e-01 | M:  5 -1 | D: -1 -1
P: ( 7)    111  1 |  5.7267e-01  1.3550e+00 -2.6767e-02  1.4775e+00 |  1.3496e-01 | M:  5 -1 | D: -1 -1
P: ( 8)     16  1 | -4.5168e-01 -3.1422e-01  1.0823e+00  1.2142e+00 |  1.0001e-02 | M:  3 -1 | D: -1 -1
P: ( 9)     11  1 | -5.4356e-01 -9.3967e-01 -2.1217e-01  1.1061e+00 |  5.1066e-04 | M:  3 -1 | D: -1 -1
P: (10)    -12  1 | -3.9081e-01 -1.3216e-01 -1.2017e-01  4.2970e-01 |  6.1035e-05 | M:  3 -1 | D: -1 -1
event BEFORE decays:
TauolaHEPEVTEvent
-----------------
P: ( 0)    -11  3 |  0.0000e+00  0.0000e+00 -2.0000e+00  2.0000e+00 |  5.1110e-04 | M: -1 -1 | D:  2  3
P: ( 1)     11  3 |  0.0000e+00  0.0000e+00  3.5000e+00  3.5000e+00 |  5.1110e-04 | M: -1 -1 | D:  2  3
P: ( 2)    -15  1 |  1.3861e+00  1.3861e+00  7.5000e-01  2.7500e+00 |  1.7770e+00 | M:  0  1 | D: -1 -1
P: ( 3)     15  1 | -1.3861e+00 -1.3861e+00  7.5000e-01  2.7500e+00 |  1.7770e+00 | M:  0  1 | D: -1 -1
event AFTER decays:
TauolaHEPEVTEvent
-----------------
P: ( 0)    -11  3 |  0.0000e+00  0.0000e+00 -2.0000e+00  2.0000e+00 |  5.1110e-04 | M: -1 -1 | D:  2  3
P: ( 1)     11  3 |  0.0000e+00  0.0000e+00  3.5000e+00  3.5000e+00 |  5.1110e-04 | M: -1 -1 | D:  2  3
P: ( 2)    -15  2 |  1.3861e+00  1.3861e+00  7.5000e-01  2.7500e+00 |  1.7770e+00 | M:  0  1 | D:  4  5
P: ( 3)     15  2 | -1.3861e+00 -1.3861e+00  7.5000e-01  2.7500e+00 |  1.7770e+00 | M:  0  1 | D:  8  9
P: ( 4)    -16  1 |  2.7777e-01  3.7765e-01  9.3657e-01  1.0474e+00 |  1.0003e-02 | M:  2 -1 | D: -1 -1
P: ( 5)    213  2 |  1.1083e+00  1.0084e+00 -1.8657e-01  1.7026e+00 |  7.8670e-01 | M:  2 -1 | D:  6  7
P: ( 6)    211  1 |  5.4693e-01  5.4275e-01 -4.6456e-01  9.1050e-01 |  1.3957e-01 | M:  5 -1 | D: -1 -1
P: ( 7)    111  1 |  5.6135e-01  4.6565e-01  2.7799e-01  7.9211e-01 |  1.3496e-01 | M:  5 -1 | D: -1 -1
P: ( 8)     16  1 | -5.0328e-02  2.9667e-01  2.4872e-01  3.9052e-01 |  9.9978e-03 | M:  3 -1 | D: -1 -1
P: ( 9)   -213  2 | -1.3357e+00 -1.6827e+00  5.0128e-01  2.3595e+00 |  8.3677e-01 | M:  3 -1 | D: 10 11
P: (10)   -211  1 | -2.4039e-01 -6.1516e-01 -1.5015e-01  6.9155e-01 |  1.3957e-01 | M:  9 -1 | D: -1 -1
P: (11)    111  1 | -1.0953e+00 -1.0676e+00  6.5143e-01  1.6679e+00 |  1.3496e-01 | M:  9 -1 | D: -1 -1
event BEFORE decays:
TauolaHEPEVTEvent
-----------------
P: ( 0)    -11  3 |  0.0000e+00  0.0000e+00 -2.0000e+00  2.0000e+00 |  5.1110e-04 | M: -1 -1 | D:  2  3
P: ( 1)     11  3 |  0.0000e+00  0.0000e+00  3.5000e+00  3.5000e+00 |  5.1110e-04 | M: -1 -1 | D:  2  3
P: ( 2)    -15  1 |  1.3861e+00  1.3861e+00  7.5000e-01  2.7500e+00 |  1.7770e+00 | M:  0  1 | D: -1 -1
P: ( 3)     15  1 | -1.3861e+00 -1.3861e+00  7.5000e-01  2.7500e+00 |  1.7770e+00 | M:  0  1 | D: -1 -1
event AFTER decays:
TauolaHEPEVTEvent
-----------------
P: ( 0)    -11  3 |  0.0000e+00  0.0000e+00 -2.0000e+00  2.0000e+00 |  5.1110e-04 | M: -1 -1 | D:  2  3
P: ( 1)     11  3 |  0.0000e+00  0.0000e+00  3.5000e+00  3.5000e+00 |  5.1110e-04 | M: -1 -1 | D:  2  3
P: ( 2)    -15  2 |  1.3861e+00  1.3861e+00  7.5000e-01  2.7500e+00 |  1.7770e+00 | M:  0  1 | D:  4  6
P: ( 3)     15  2 | -1.3861e+00 -1.3861e+00  7.5000e-01  2.7500e+00 |  1.7770e+00 | M:  0  1 | D:  7  9
P: ( 4)    -16  1 |  6.8945e-01 -1.6314e-01  5.4455e-01  8.9364e-01 |  1.0001e-02 | M:  2 -1 | D: -1 -1
P: ( 5)    -13  1 |  1.7807e-01  3.5707e-01  3.5936e-01  5.4727e-01 |  1.0566e-01 | M:  2 -1 | D: -1 -1
P: ( 6)     14  1 |  5.1853e-01  1.1921e+00 -1.5391e-01  1.3091e+00 | -2.9901e-04 | M:  2 -1 | D: -1 -1
P: ( 7)     16  1 |  1.0820e-01  1.2817e-01 -7.5763e-02  1.8432e-01 |  1.0001e-02 | M:  3 -1 | D: -1 -1
P: ( 8)     13  1 | -7.1264e-01 -9.5245e-02  5.7438e-01  9.2629e-01 |  1.0566e-01 | M:  3 -1 | D: -1 -1
P: ( 9)    -14  1 | -7.8161e-01 -1.4190e+00  2.5138e-01  1.6394e+00 |  2.9901e-04 | M:  3 -1 | D: -1 -1
event BEFORE decays:
TauolaHEPEVTEvent
-----------------
P: ( 0)    -11  3 |  0.0000e+00  0.0000e+00 -2.0000e+00  2.0000e+00 |  5.1110e-04 | M: -1 -1 | D:  2  3
P: ( 1)     11  3 |  0.0000e+00  0.0000e+00  3.5000e+00  3.5000e+00 |  5.1110e-04 | M: -1 -1 | D:  2  3
P: ( 2)    -15  1 |  1.3861e+00  1.3861e+00  7.5000e-01  2.7500e+00 |  1.7770e+00 | M:  0  1 | D: -1 -1
P: ( 3)     15  1 | -1.3861e+00 -1.3861e+00  7.5000e-01  2.7500e+00 |  1.7770e+00 | M:  0  1 | D: -1 -1
event AFTER decays:
TauolaHEPEVTEvent
-----------------
P: ( 0)    -11  3 |  0.0000e+00  0.0000e+00 -2.0000e+00  2.0000e+00 |  5.1110e-04 | M: -1 -1 | D:  2  3
P: ( 1)     11  3 |  0.0000e+00  0.0000e+00  3.5000e+00  3.5000e+00 |  5.1110e-04 | M: -1 -1 | D:  2  3
P: ( 2)    -15  2 |  1.3861e+00  1.3861e+00  7.5000e-01  2.7500e+00 |  1.7770e+00 | M:  0  1 | D:  4  5
P: ( 3)     15  2 | -1.3861e+00 -1.3861e+00  7.5000e-01  2.7500e+00 |  1.7770e+00 | M:  0  1 | D:  8  9
P: ( 4)    -16  1 |  1.3696e-01 -1.1638e-01 -3.3625e-01  3.8140e-01 |  1.0004e-02 | M:  2 -1 | D: -1 -1
P: ( 5)    213  2 |  1.2491e+00  1.5024e+00  1.0862e+00  2.3686e+00 |  7.8282e-01 | M:  2 -1 | D:  6  7
P: ( 6)    211  1 | -2.0339e-02  5.5489e-02 -5.3217e-03  1.5166e-01 |  1.3957e-01 | M:  5 -1 | D: -1 -1
P: ( 7)    111  1 |  1.2694e+00  1.4469e+00  1.0916e+00  2.2169e+00 |  1.3496e-01 | M:  5 -1 | D: -1 -1
P: ( 8)     16  1 | -8.7862e-02 -2.3528e-01  8.3642e-01  8.7337e-01 |  1.0003e-02 | M:  3 -1 | D: -1 -1
P: ( 9)   -213  2 | -1.2982e+00 -1.1508e+00 -8.6417e-02  1.8766e+00 |  7.1044e-01 | M:  3 -1 | D: 10 11
P: (10)   -211  1 | -1.2212e+00 -1.1048e+00 -2.1918e-01  1.6671e+00 |  1.3957e-01 | M:  9 -1 | D: -1 -1
P: (11)    111  1 | -7.6965e-02 -4.6015e-02  1.3277e-01  2.0948e-01 |  1.3496e-01 | M:  9 -1 | D: -1 -1
event BEFORE decays:
TauolaHEPEVTEvent
-----------------
P: ( 0)    -11  3 |  0.0000e+00  0.0000e+00 -2.0000e+00  2.0000e+00 |  5.1110e-04 | M: -1 -1 | D:  2  3
P: ( 1)     11  3 |  0.0000e+00  0.0000e+00  3.5000e+00  3.5000e+00 |  5.1110e-04 | M: -1 -1 | D:  2  3
P: ( 2)    -15  1 |  1.3861e+00  1.3861e+00  7.5000e-01  2.7500e+00 |  1.7770e+00 | M:  0  1 | D: -1 -1
P: ( 3)     15  1 | -1.3861e+00 -1.3861e+00  7.5000e-01  2.7500e+00 |  1.7770e+00 | M:  0  1 | D: -1 -1
event AFTER decays:
TauolaHEPEVTEvent
-----------------
P: ( 0)    -11  3 |  0.0000e+00  0.0000e+00 -2.0000e+00  2.0000e+00 |  5.1110e-04 | M: -1 -1 | D:  2  3
P: ( 1)     11  3 |  0.0000e+00  0.0000e+00  3.5000e+00  3.5000e+00 |  5.1110e-04 | M: -1 -1 | D:  2  3
P: ( 2)    -15  2 |  1.3861e+00  1.3861e+00  7.5000e-01  2.7500e+00 |  1.7770e+00 | M:  0  1 | D:  4  7
P: ( 3)     15  2 | -1.3861e+00 -1.3861e+00  7.5000e-01  2.7500e+00 |  1.7770e+00 | M:  0  1 | D:  8  9
P: ( 4)    -16  1 | -2.4240e-01  3.5537e-02 -1.6892e-01  2.9775e-01 |  9.9973e-03 | M:  2 -1 | D: -1 -1
P: ( 5)    -11  1 |  1.1582e+00  9.9202e-01  8.6313e-01  1.7523e+00 |  5.7418e-04 | M:  2 -1 | D: -1 -1
P: ( 6)     12  1 |  1.8632e-01  1.1368e-01 -1.5702e-01  2.6888e-01 | -4.5776e-05 | M:  2 -1 | D: -1 -1
P: ( 7)     22  1 |  2.8391e-01  2.4481e-01  2.1281e-01  4.3107e-01 |  0.0000e+00 | M:  2 -1 | D: -1 -1
P: ( 8)     16  1 | -1.4664e+00 -1.1292e+00  1.5748e-01  1.8575e+00 |  9.9977e-03 | M:  3 -1 | D: -1 -1
P: ( 9)   -213  2 |  8.0370e-02 -2.5682e-01  5.9252e-01  8.9246e-01 |  6.1073e-01 | M:  3 -1 | D: 10 11
P: (10)   -211  1 |  2.0882e-01  5.8217e-02  4.0784e-01  4.8250e-01 |  1.3957e-01 | M:  9 -1 | D: -1 -1
P: (11)    111  1 | -1.2845e-01 -3.1503e-01  1.8468e-01  4.0996e-01 |  1.3496e-01 | M:  9 -1 | D: -1 -1
event BEFORE decays:
TauolaHEPEVTEvent
-----------------
P: ( 0)    -11  3 |  0.0000e+00  0.0000e+00 -2.0000e+00  2.0000e+00 |  5.1110e-04 | M: -1 -1 | D:  2  3
P: ( 1)     11  3 |  0.0000e+00  0.0000e+00  3.5000e+00  3.5000e+00 |  5.1110e-04 | M: -1 -1 | D:  2  3
P: ( 2)    -15  1 |  1.3861e+00  1.3861e+00  7.5000e-01  2.7500e+00 |  1.7770e+00 | M:  0  1 | D: -1 -1
P: ( 3)     15  1 | -1.3861e+00 -1.3861e+00  7.5000e-01  2.7500e+00 |  1.7770e+00 | M:  0  1 | D: -1 -1
event AFTER decays:
TauolaHEPEVTEvent
-----------------
P: ( 0)    -11  3 |  0.0000e+00  0.0000e+00 -2.0000e+00  2.0000e+00 |  5.1110e-04 | M: -1 -1 | D:  2  3
P: ( 1)     11  3 |  0.0000e+00  0.0000e+00  3.5000e+00  3.5000e+00 |  5.1110e-04 | M: -1 -1 | D:  2  3
P: ( 2)    -15  2 |  1.3861e+00  1.3861e+00  7.5000e-01  2.7500e+00 |  1.7770e+00 | M:  0  1 | D:  4  5
P: ( 3)     15  2 | -1.3861e+00 -1.3861e+00  7.5000e-01  2.7500e+00 |  1.7770e+00 | M:  0  1 | D:  9 10
P: ( 4)    -16  1 |  4.2194e-01  5.7365e-01  2.8453e-01  7.6692e-01 |  9.9914e-03 | M:  2 -1 | D: -1 -1
P: ( 5)  20213  2 |  9.6411e-01  8.1240e-01  4.6547e-01  1.9831e+00 |  1.4582e+00 | M:  2 -1 | D:  6  8
P: ( 6)    211  1 | -1.2481e-01 -1.6223e-01  1.7807e-01  3.0509e-01 |  1.3957e-01 | M:  5 -1 | D: -1 -1
P: ( 7)    211  1 |  7.3386e-01  4.8937e-01  5.0202e-01  1.0245e+00 |  1.3957e-01 | M:  5 -1 | D: -1 -1
P: ( 8)   -211  1 |  3.5506e-01  4.8526e-01 -2.1461e-01  6.5352e-01 |  1.3957e-01 | M:  5 -1 | D: -1 -1
P: ( 9)     16  1 |  3.1673e-01 -6.7665e-02 -4.0622e-02  3.2656e-01 |  9.9964e-03 | M:  3 -1 | D: -1 -1
P: (10)   -213  2 | -1.7028e+00 -1.3184e+00  7.9062e-01  2.4234e+00 |  7.8127e-01 | M:  3 -1 | D: 11 12
P: (11)   -211  1 | -1.0737e+00 -1.2287e+00  6.2605e-01  1.7533e+00 |  1.3957e-01 | M: 10 -1 | D: -1 -1
P: (12)    111  1 | -6.2910e-01 -8.9637e-02  1.6458e-01  6.7015e-01 |  1.3496e-01 | M: 10 -1 | D: -1 -1
event BEFORE decays:
TauolaHEPEVTEvent
-----------------
P: ( 0)    -11  3 |  0.0000e+00  0.0000e+00 -2.0000e+00  2.0000e+00 |  5.1110e-04 | M: -1 -1 | D:  2  3
P: ( 1)     11  3 |  0.0000e+00  0.0000e+00  3.5000e+00  3.5000e+00 |  5.1110e-04 | M: -1 -1 | D:  2  3
P: ( 2)    -15  1 |  1.3861e+00  1.3861e+00  7.5000e-01  2.7500e+00 |  1.7770e+00 | M:  0  1 | D: -1 -1
P: ( 3)     15  1 | -1.3861e+00 -1.3861e+00  7.5000e-01  2.7500e+00 |  1.7770e+00 | M:  0  1 | D: -1 -1
event AFTER decays:
TauolaHEPEVTEvent
-----------------
P: ( 0)    -11  3 |  0.0000e+00  0.0000e+00 -2.0000e+00  2.0000e+00 |  5.1110e-04 | M: -1 -1 | D:  2  3
P: ( 1)     11  3 |  0.0000e+00  0.0000e+00  3.5000e+00  3.5000e+00 |  5.1110e-04 | M: -1 -1 | D:  2  3
P: ( 2)    -15  2 |  1.3861e+00  1.3861e+00  7.5000e-01  2.7500e+00 |  1.7770e+00 | M:  0  1 | D:  4  5
P: ( 3)     15  2 | -1.3861e+00 -1.3861e+00  7.5000e-01  2.7500e+00 |  1.7770e+00 | M:  0  1 | D:  9 10
P: ( 4)    -16  1 |  7.7228e-01  1.4595e-01  3.0625e-01  8.4357e-01 |  9.9807e-03 | M:  2 -1 | D: -1 -1
P: ( 5)  20213  2 |  6.1377e-01  1.2401e+00  4.4375e-01  1.9064e+00 |  1.2341e+00 | M:  2 -1 | D:  6  8
P: ( 6)    211  1 |  4.4687e-01  4.8818e-01  4.5456e-01  8.1493e-01 |  1.3957e-01 | M:  5 -1 | D: -1 -1
P: ( 7)    211  1 |  4.4972e-01  4.8272e-01 -4.2179e-02  6.7566e-01 |  1.3957e-01 | M:  5 -1 | D: -1 -1
P: ( 8)   -211  1 | -2.8282e-01  2.6920e-01  3.1365e-02  4.1583e-01 |  1.3957e-01 | M:  5 -1 | D: -1 -1
P: ( 9)     16  1 | -5.4183e-01 -1.3823e+00  5.6478e-01  1.5885e+00 |  9.9949e-03 | M:  3 -1 | D: -1 -1
P: (10)   -213  2 | -8.4422e-01 -3.7285e-03  1.8522e-01  1.1615e+00 |  7.7586e-01 | M:  3 -1 | D: 11 12
P: (11)   -211  1 | -2.7167e-01 -3.4782e-01  1.1042e-01  4.7587e-01 |  1.3957e-01 | M: 10 -1 | D: -1 -1
P: (12)    111  1 | -5.7255e-01  3.4409e-01  7.4802e-02  6.8558e-01 |  1.3496e-01 | M: 10 -1 | D: -1 -1
event BEFORE decays:
TauolaHEPEVTEvent
-----------------
P: ( 0)    -11  3 |  0.0000e+00  0.0000e+00 -2.0000e+00  2.0000e+00 |  5.1110e-04 | M: -1 -1 | D:  2  3
P: ( 1)     11  3 |  0.0000e+00  0.0000e+00  3.5000e+00  3.5000e+00 |  5.1110e-04 | M: -1 -1 | D:  2  3
P: ( 2)    -15  1 |  1.3861e+00  1.3861e+00  7.5000e-01  2.7500e+00 |  1.7770e+00 | M:  0  1 | D: -1 -1
P: ( 3)     15  1 | -1.3861e+00 -1.3861e+00  7.5000e-01  2.7500e+00 |  1.7770e+00 | M:  0  1 | D: -1 -1
event AFTER decays:
TauolaHEPEVTEvent
-----------------
P: ( 0)    -11  3 |  0.0000e+00  0.0000e+00 -2.0000e+00  2.0000e+00 |  5.1110e-04 | M: -1 -1 | D:  2  3
P: ( 1)     11  3 |  0.0000e+00  0.0000e+00  3.5000e+00  3.5000e+00 |  5.1110e-04 | M: -1 -1 | D:  2  3
P: ( 2)    -15  2 |  1.3861e+00  1.3861e+00  7.5000e-01  2.7500e+00 |  1.7770e+00 | M:  0  1 | D:  4  6
P: ( 3)     15  2 | -1.3861e+00 -1.3861e+00  7.5000e-01  2.7500e+00 |  1.7770e+00 | M:  0  1 | D:  7  9
P: ( 4)    -16  1 |  4.4530e-01 -3.8148e-01 -3.4207e-02  5.8744e-01 |  9.9993e-03 | M:  2 -1 | D: -1 -1
P: ( 5)    -11  1 |  6.5808e-01  1.1548e+00  6.2742e-01  1.4698e+00 |  5.3905e-04 | M:  2 -1 | D: -1 -1
P: ( 6)     12  1 |  2.8267e-01  6.1278e-01  1.5679e-01  6.9280e-01 |  1.2207e-04 | M:  2 -1 | D: -1 -1
P: ( 7)     16  1 | -4.5658e-01 -1.0606e+00  3.8041e-01  1.2157e+00 |  9.9986e-03 | M:  3 -1 | D: -1 -1
P: ( 8)     11  1 | -3.6535e-01  7.2193e-02 -3.6837e-01  5.2382e-01 |  4.0486e-04 | M:  3 -1 | D: -1 -1
P: ( 9)    -12  1 | -5.6413e-01 -3.9769e-01  7.3796e-01  1.0104e+00 |  6.8239e-05 | M:  3 -1 | D: -1 -1



 ***************************************************************************
 *                         *****TAUOLA LIBRARY: VERSION 2.7 ******         *
 *                         ***********August   1995***************         *
 *                         **AUTHORS: S.JADACH, Z.WAS*************         *
 *                         **R. DECKER, M. JEZABEK, J.H.KUEHN*****         *
 *                         **AVAILABLE FROM: WASM AT CERNVM ******         *
 *                         ***** PUBLISHED IN COMP. PHYS. COMM.***         *
 *                          Physics initialization by CLEO collab          *
 *                          see Alain Weinstein www home page:             *
 *                         http://www.cithep.caltech.edu/~ajw/             *
 *                         /korb_doc.html#files                            *
 *                         *******CERN TH-6793 NOVEMBER  1992*****         *
 *                         **5 or more pi dec.: precision limited          *
 *                         ****DEKAY ROUTINE: INITIALIZATION******         *
 *                   0     JAK1   = DECAY MODE TAU+                        *
 *                   0     JAK2   = DECAY MODE TAU-                        *
 ***************************************************************************

  RANMAR INITIALIZED:   54217137           0         0

 ***************************************************************************

  KORB: rho/rhop -> pi-pi0 mixing:
  KORB: rho   =  0.7699000      0.1512000    
  KORB: rhop  =   1.370000      0.5100000     -0.1100000    
  KORB: K*/K*prime -> Kpi mixing:
  KORB: kstp  =   1.700000      0.2350000     -3.7999999E-02
  KORB: a1/a1prime -> 3pi, KKpi mixing:
  KORB: a1    =   1.275000      0.7000000    
  KORB: a1prim=   1.461000      0.2500000       0.000000    
  KORB: K1A/K1B -> Kpipi mixing:
  KORB: K1A   =   1.270000      9.0000004E-02   1.000000    
  KORB: K1B   =   1.402000      0.1740000      0.8000000    
  KORB: rho/rhop/rhopp -> 4pi mixing:
  KORB: rho   =  0.7699000      0.1512000    
  KORB: rhopp =   1.465000      0.3100000     -0.1100000    
  KORB: rhoppp=   1.700000      0.2350000     -0.1100000    
  KORB: 3PI-PI0 PARAMS:   0.000000      0.1242000      0.1604000      0.2711000      0.4443000    
  KORB: PI-3PI0 PARAMS:   0.000000       1.000000    
  In F3pi: add (rho-pi S-wave) + (rhop-pi S-wave) +
               (rho-pi D-wave) + (rhop-pi D-wave) +
    (f2 pi D-wave) + (sigmapi S-wave) + (f0pi S-wave)
