NOTE: This example output was created with command:

  ./taumain_stand_alone_example.exe > taumain_stand_alone_example.out 2>&1

 *************************************
 *     TAUOLA C++ Interface v1.1.4   *
 *-----------------------------------*
 *                                   *
 *   (c) Nadia    Davidson,   (1,2)  *
 *       Gizo     Nanava,     (3)    *
 *       Tomasz   Przedzinski,(4)    *
 *       Elzbieta Richter-Was,(2,4)  *
 *       Zbigniew Was         (2,5)  *
 *                                   *
 *  1) Unimelb, Melbourne, Australia *
 *  2)     INP, Krakow, Poland       *
 *  3) University Bonn, Germany      *
 *  4)      UJ, Krakow, Poland       *
 *  5)    CERN, Geneva, Switzerland  *
 *************************************
Reading SANC input files.
File 'table1-1.txt'  missing... skipped.
File 'table2-2.txt'  missing... skipped.
File 'table11-11.txt' missing... skipped.

#########################################################################################
Tauola++ parameters set at initialization
(this check-method can be used at any moment of program execution).
Parameters meaning, defaults, and allowed ranges are explained in program documentation 
http://www.ph.unimelb.edu.au/~ndavidson/tauola/Tauola_interface_design.pdf 

-----------------------------------------------------------

variables used mainly  in C++ interface:  

Tau mass:                                     1.77699995041
Tau lifetime:                                 0.08711
Tau PDG id:                                   15

Decay of eta, K0s, pi on/off:                 0,0,0

Length units:                                 MM
Momentum units:                               GEV
Momentum conservation threshold (for checks): 0.1

Higgs (scalar-pseudoscalar) PDG id:           35
Higgs (scalar-pseudoscalar) mixing angle:     0.785398163397


Switches used in spin correlation methods on/off for:
GAMMA,Z0,HIGGS,HIGGS_H,HIGGS_A,HIGGS_PLUS,HIGGS_MINUS,W_PLUS,W_MINUS: 1,1,1,1,1,1,1,1,1

-----------------------------------------------------------

variables used in tau decays : 

-----------------------------------------------------------

tau+ decay mode:                                               0
tau- decay mode:                                               0

a1     relative branching ratio pi- pi- pi+ / pi- pi pi0:      0.5
K0     relative attribute K0_L / K0_S:                         0.5
K0_bar relative attribute K0_L / K0_S:                         0.5
Kstar  relative branching ratio K0 pi- /K- pi0 :               0.666700005531

QED radiation in leptonic decays on/off:                       1
QED radiation in leptonic decays minimal photon energy cutoff: 0.001

#########################################################################################
BEFORE:
________________________________________________________________________________
GenEvent: #0 ID=0 SignalProcessGenVertex Barcode: 0
 Momenutm units:     GEV     Position units:      MM
 Entries this event: 1 vertices, 4 particles.
 Beam Particles are not defined.
 RndmState(0)=
 Wgts(0)=
 EventScale -1 [energy] 	 alphaQCD=-1	 alphaQED=-1
                                    GenParticle Legend
        Barcode   PDG ID      ( Px,       Py,       Pz,     E ) Stat  DecayVtx
________________________________________________________________________________
GenVertex:       -1 ID:    0 (X,cT):0
 I: 2     10001      -11 +0.00e+00,+0.00e+00,-2.00e+00,+2.00e+00   3        -1
          10002       11 +0.00e+00,+0.00e+00,+3.50e+00,+3.50e+00   3        -1
 O: 2     10003      -15 +1.39e+00,+1.39e+00,+7.50e-01,+2.75e+00   1
          10004       15 -1.39e+00,-1.39e+00,+7.50e-01,+2.75e+00   1
________________________________________________________________________________
AFTER:
________________________________________________________________________________
GenEvent: #0 ID=0 SignalProcessGenVertex Barcode: 0
 Momenutm units:     GEV     Position units:      MM
 Entries this event: 5 vertices, 14 particles.
 Beam Particles are not defined.
 RndmState(0)=
 Wgts(0)=
 EventScale -1 [energy] 	 alphaQCD=-1	 alphaQED=-1
                                    GenParticle Legend
        Barcode   PDG ID      ( Px,       Py,       Pz,     E ) Stat  DecayVtx
________________________________________________________________________________
GenVertex:       -1 ID:    0 (X,cT):0
 I: 2     10001      -11 +0.00e+00,+0.00e+00,-2.00e+00,+2.00e+00   3        -1
          10002       11 +0.00e+00,+0.00e+00,+3.50e+00,+3.50e+00   3        -1
 O: 2     10003      -15 +1.39e+00,+1.39e+00,+7.50e-01,+2.75e+00   2        -2
          10004       15 -1.39e+00,-1.39e+00,+7.50e-01,+2.75e+00   2        -4
Vertex:       -2 ID:    0 (X,cT)=+8.70e-02,+8.70e-02,+4.71e-02,+1.73e-01
 I: 1     10003      -15 +1.39e+00,+1.39e+00,+7.50e-01,+2.75e+00   2        -2
 O: 2     10005      -16 +6.13e-01,+1.05e-01,-1.35e-01,+6.36e-01   1
          10006    20213 +7.73e-01,+1.28e+00,+8.85e-01,+2.11e+00   2        -3
Vertex:       -3 ID:    0 (X,cT)=+8.70e-02,+8.70e-02,+4.71e-02,+1.73e-01
 I: 1     10006    20213 +7.73e-01,+1.28e+00,+8.85e-01,+2.11e+00   2        -3
 O: 3     10007      211 -1.19e-01,+9.06e-02,+2.25e-01,+3.04e-01   1
          10008      211 +4.96e-02,+1.39e-01,+3.74e-01,+4.25e-01   1
          10009     -211 +8.43e-01,+1.05e+00,+2.87e-01,+1.38e+00   1
Vertex:       -4 ID:    0 (X,cT)=-4.01e-02,-4.01e-02,+2.17e-02,+7.96e-02
 I: 1     10004       15 -1.39e+00,-1.39e+00,+7.50e-01,+2.75e+00   2        -4
 O: 2     10010       16 -1.14e+00,-9.36e-01,+7.38e-01,+1.65e+00   1
          10011   -20213 -2.51e-01,-4.50e-01,+1.18e-02,+1.10e+00   2        -5
Vertex:       -5 ID:    0 (X,cT)=-4.01e-02,-4.01e-02,+2.17e-02,+7.96e-02
 I: 1     10011   -20213 -2.51e-01,-4.50e-01,+1.18e-02,+1.10e+00   2        -5
 O: 3     10012      111 -4.14e-01,-5.09e-01,-5.81e-02,+6.72e-01   1
          10013      111 +1.15e-02,+1.02e-01,+1.28e-01,+2.13e-01   1
          10014     -211 +1.52e-01,-4.34e-02,-5.78e-02,+2.19e-01   1
________________________________________________________________________________
BEFORE:
________________________________________________________________________________
GenEvent: #0 ID=0 SignalProcessGenVertex Barcode: 0
 Momenutm units:     GEV     Position units:      MM
 Entries this event: 1 vertices, 4 particles.
 Beam Particles are not defined.
 RndmState(0)=
 Wgts(0)=
 EventScale -1 [energy] 	 alphaQCD=-1	 alphaQED=-1
                                    GenParticle Legend
        Barcode   PDG ID      ( Px,       Py,       Pz,     E ) Stat  DecayVtx
________________________________________________________________________________
GenVertex:       -1 ID:    0 (X,cT):0
 I: 2     10001      -11 +0.00e+00,+0.00e+00,-2.00e+00,+2.00e+00   3        -1
          10002       11 +0.00e+00,+0.00e+00,+3.50e+00,+3.50e+00   3        -1
 O: 2     10003      -15 +1.39e+00,+1.39e+00,+7.50e-01,+2.75e+00   1
          10004       15 -1.39e+00,-1.39e+00,+7.50e-01,+2.75e+00   1
________________________________________________________________________________
AFTER:
________________________________________________________________________________
GenEvent: #0 ID=0 SignalProcessGenVertex Barcode: 0
 Momenutm units:     GEV     Position units:      MM
 Entries this event: 3 vertices, 9 particles.
 Beam Particles are not defined.
 RndmState(0)=
 Wgts(0)=
 EventScale -1 [energy] 	 alphaQCD=-1	 alphaQED=-1
                                    GenParticle Legend
        Barcode   PDG ID      ( Px,       Py,       Pz,     E ) Stat  DecayVtx
________________________________________________________________________________
GenVertex:       -1 ID:    0 (X,cT):0
 I: 2     10001      -11 +0.00e+00,+0.00e+00,-2.00e+00,+2.00e+00   3        -1
          10002       11 +0.00e+00,+0.00e+00,+3.50e+00,+3.50e+00   3        -1
 O: 2     10003      -15 +1.39e+00,+1.39e+00,+7.50e-01,+2.75e+00   2        -2
          10004       15 -1.39e+00,-1.39e+00,+7.50e-01,+2.75e+00   2        -3
Vertex:       -2 ID:    0 (X,cT)=+3.33e-03,+3.33e-03,+1.80e-03,+6.60e-03
 I: 1     10003      -15 +1.39e+00,+1.39e+00,+7.50e-01,+2.75e+00   2        -2
 O: 2     10005      -16 +4.17e-01,-2.40e-01,+7.02e-01,+8.51e-01   1
          10006      211 +9.69e-01,+1.63e+00,+4.77e-02,+1.90e+00   1
Vertex:       -3 ID:    0 (X,cT)=-5.95e-03,-5.95e-03,+3.22e-03,+1.18e-02
 I: 1     10004       15 -1.39e+00,-1.39e+00,+7.50e-01,+2.75e+00   2        -3
 O: 3     10007       16 -1.07e+00,-2.66e-02,+2.20e-01,+1.10e+00   1
          10008       11 +4.89e-02,-1.11e+00,+4.79e-01,+1.21e+00   1
          10009      -12 -3.61e-01,-2.45e-01,+5.15e-02,+4.39e-01   1
________________________________________________________________________________
BEFORE:
________________________________________________________________________________
GenEvent: #0 ID=0 SignalProcessGenVertex Barcode: 0
 Momenutm units:     GEV     Position units:      MM
 Entries this event: 1 vertices, 4 particles.
 Beam Particles are not defined.
 RndmState(0)=
 Wgts(0)=
 EventScale -1 [energy] 	 alphaQCD=-1	 alphaQED=-1
                                    GenParticle Legend
        Barcode   PDG ID      ( Px,       Py,       Pz,     E ) Stat  DecayVtx
________________________________________________________________________________
GenVertex:       -1 ID:    0 (X,cT):0
 I: 2     10001      -11 +0.00e+00,+0.00e+00,-2.00e+00,+2.00e+00   3        -1
          10002       11 +0.00e+00,+0.00e+00,+3.50e+00,+3.50e+00   3        -1
 O: 2     10003      -15 +1.39e+00,+1.39e+00,+7.50e-01,+2.75e+00   1
          10004       15 -1.39e+00,-1.39e+00,+7.50e-01,+2.75e+00   1
________________________________________________________________________________
AFTER:
________________________________________________________________________________
GenEvent: #0 ID=0 SignalProcessGenVertex Barcode: 0
 Momenutm units:     GEV     Position units:      MM
 Entries this event: 5 vertices, 13 particles.
 Beam Particles are not defined.
 RndmState(0)=
 Wgts(0)=
 EventScale -1 [energy] 	 alphaQCD=-1	 alphaQED=-1
                                    GenParticle Legend
        Barcode   PDG ID      ( Px,       Py,       Pz,     E ) Stat  DecayVtx
________________________________________________________________________________
GenVertex:       -1 ID:    0 (X,cT):0
 I: 2     10001      -11 +0.00e+00,+0.00e+00,-2.00e+00,+2.00e+00   3        -1
          10002       11 +0.00e+00,+0.00e+00,+3.50e+00,+3.50e+00   3        -1
 O: 2     10003      -15 +1.39e+00,+1.39e+00,+7.50e-01,+2.75e+00   2        -2
          10004       15 -1.39e+00,-1.39e+00,+7.50e-01,+2.75e+00   2        -4
Vertex:       -2 ID:    0 (X,cT)=+2.80e-01,+2.80e-01,+1.51e-01,+5.55e-01
 I: 1     10003      -15 +1.39e+00,+1.39e+00,+7.50e-01,+2.75e+00   2        -2
 O: 2     10005      -16 +1.35e-01,+9.62e-01,+1.43e-01,+9.82e-01   1
          10006    20213 +1.25e+00,+4.24e-01,+6.07e-01,+1.77e+00   2        -3
Vertex:       -3 ID:    0 (X,cT)=+2.80e-01,+2.80e-01,+1.51e-01,+5.55e-01
 I: 1     10006    20213 +1.25e+00,+4.24e-01,+6.07e-01,+1.77e+00   2        -3
 O: 3     10007      111 +5.26e-01,+3.16e-02,+2.24e-01,+5.88e-01   1
          10008      111 +7.58e-01,+8.89e-02,+3.19e-01,+8.38e-01   1
          10009      211 -3.30e-02,+3.03e-01,+6.42e-02,+3.41e-01   1
Vertex:       -4 ID:    0 (X,cT)=-9.62e-02,-9.62e-02,+5.20e-02,+1.91e-01
 I: 1     10004       15 -1.39e+00,-1.39e+00,+7.50e-01,+2.75e+00   2        -4
 O: 2     10010       16 -1.57e+00,-1.23e+00,+3.82e-01,+2.02e+00   1
          10011     -213 +1.80e-01,-1.61e-01,+3.68e-01,+7.25e-01   2        -5
Vertex:       -5 ID:    0 (X,cT)=-9.62e-02,-9.62e-02,+5.20e-02,+1.91e-01
 I: 1     10011     -213 +1.80e-01,-1.61e-01,+3.68e-01,+7.25e-01   2        -5
 O: 2     10012     -211 -5.78e-02,-2.54e-01,+3.15e-01,+4.32e-01   1
          10013      111 +2.38e-01,+9.32e-02,+5.30e-02,+2.93e-01   1
________________________________________________________________________________
BEFORE:
________________________________________________________________________________
GenEvent: #0 ID=0 SignalProcessGenVertex Barcode: 0
 Momenutm units:     GEV     Position units:      MM
 Entries this event: 1 vertices, 4 particles.
 Beam Particles are not defined.
 RndmState(0)=
 Wgts(0)=
 EventScale -1 [energy] 	 alphaQCD=-1	 alphaQED=-1
                                    GenParticle Legend
        Barcode   PDG ID      ( Px,       Py,       Pz,     E ) Stat  DecayVtx
________________________________________________________________________________
GenVertex:       -1 ID:    0 (X,cT):0
 I: 2     10001      -11 +0.00e+00,+0.00e+00,-2.00e+00,+2.00e+00   3        -1
          10002       11 +0.00e+00,+0.00e+00,+3.50e+00,+3.50e+00   3        -1
 O: 2     10003      -15 +1.39e+00,+1.39e+00,+7.50e-01,+2.75e+00   1
          10004       15 -1.39e+00,-1.39e+00,+7.50e-01,+2.75e+00   1
________________________________________________________________________________
AFTER:
________________________________________________________________________________
GenEvent: #0 ID=0 SignalProcessGenVertex Barcode: 0
 Momenutm units:     GEV     Position units:      MM
 Entries this event: 3 vertices, 10 particles.
 Beam Particles are not defined.
 RndmState(0)=
 Wgts(0)=
 EventScale -1 [energy] 	 alphaQCD=-1	 alphaQED=-1
                                    GenParticle Legend
        Barcode   PDG ID      ( Px,       Py,       Pz,     E ) Stat  DecayVtx
________________________________________________________________________________
GenVertex:       -1 ID:    0 (X,cT):0
 I: 2     10001      -11 +0.00e+00,+0.00e+00,-2.00e+00,+2.00e+00   3        -1
          10002       11 +0.00e+00,+0.00e+00,+3.50e+00,+3.50e+00   3        -1
 O: 2     10003      -15 +1.39e+00,+1.39e+00,+7.50e-01,+2.75e+00   2        -2
          10004       15 -1.39e+00,-1.39e+00,+7.50e-01,+2.75e+00   2        -3
Vertex:       -2 ID:    0 (X,cT)=+7.31e-05,+7.31e-05,+3.96e-05,+1.45e-04
 I: 1     10003      -15 +1.39e+00,+1.39e+00,+7.50e-01,+2.75e+00   2        -2
 O: 3     10005      -16 +1.30e+00,+8.22e-01,+7.87e-01,+1.73e+00   1
          10006      -11 -2.02e-02,-2.20e-01,+5.05e-02,+2.26e-01   1
          10007       12 +1.06e-01,+7.84e-01,-8.77e-02,+7.96e-01   1
Vertex:       -3 ID:    0 (X,cT)=-1.03e-01,-1.03e-01,+5.60e-02,+2.05e-01
 I: 1     10004       15 -1.39e+00,-1.39e+00,+7.50e-01,+2.75e+00   2        -3
 O: 3     10008       16 -1.96e-01,-6.53e-01,+7.53e-01,+1.02e+00   1
          10009       11 -1.10e+00,-1.21e-01,-7.92e-02,+1.11e+00   1
          10010      -12 -8.90e-02,-6.13e-01,+7.58e-02,+6.24e-01   1
________________________________________________________________________________
BEFORE:
________________________________________________________________________________
GenEvent: #0 ID=0 SignalProcessGenVertex Barcode: 0
 Momenutm units:     GEV     Position units:      MM
 Entries this event: 1 vertices, 4 particles.
 Beam Particles are not defined.
 RndmState(0)=
 Wgts(0)=
 EventScale -1 [energy] 	 alphaQCD=-1	 alphaQED=-1
                                    GenParticle Legend
        Barcode   PDG ID      ( Px,       Py,       Pz,     E ) Stat  DecayVtx
________________________________________________________________________________
GenVertex:       -1 ID:    0 (X,cT):0
 I: 2     10001      -11 +0.00e+00,+0.00e+00,-2.00e+00,+2.00e+00   3        -1
          10002       11 +0.00e+00,+0.00e+00,+3.50e+00,+3.50e+00   3        -1
 O: 2     10003      -15 +1.39e+00,+1.39e+00,+7.50e-01,+2.75e+00   1
          10004       15 -1.39e+00,-1.39e+00,+7.50e-01,+2.75e+00   1
________________________________________________________________________________
AFTER:
________________________________________________________________________________
GenEvent: #0 ID=0 SignalProcessGenVertex Barcode: 0
 Momenutm units:     GEV     Position units:      MM
 Entries this event: 4 vertices, 11 particles.
 Beam Particles are not defined.
 RndmState(0)=
 Wgts(0)=
 EventScale -1 [energy] 	 alphaQCD=-1	 alphaQED=-1
                                    GenParticle Legend
        Barcode   PDG ID      ( Px,       Py,       Pz,     E ) Stat  DecayVtx
________________________________________________________________________________
GenVertex:       -1 ID:    0 (X,cT):0
 I: 2     10001      -11 +0.00e+00,+0.00e+00,-2.00e+00,+2.00e+00   3        -1
          10002       11 +0.00e+00,+0.00e+00,+3.50e+00,+3.50e+00   3        -1
 O: 2     10003      -15 +1.39e+00,+1.39e+00,+7.50e-01,+2.75e+00   2        -2
          10004       15 -1.39e+00,-1.39e+00,+7.50e-01,+2.75e+00   2        -3
Vertex:       -2 ID:    0 (X,cT)=+4.37e-02,+4.37e-02,+2.36e-02,+8.66e-02
 I: 1     10003      -15 +1.39e+00,+1.39e+00,+7.50e-01,+2.75e+00   2        -2
 O: 3     10005      -16 +1.51e-01,+4.97e-01,+9.00e-01,+1.04e+00   1
          10006      -13 +5.77e-01,+8.42e-01,+3.23e-02,+1.03e+00   1
          10007       14 +6.58e-01,+4.77e-02,-1.83e-01,+6.84e-01   1
Vertex:       -3 ID:    0 (X,cT)=-1.67e-01,-1.67e-01,+9.02e-02,+3.31e-01
 I: 1     10004       15 -1.39e+00,-1.39e+00,+7.50e-01,+2.75e+00   2        -3
 O: 2     10008       16 -5.83e-01,-5.00e-02,+4.12e-02,+5.87e-01   1
          10009     -213 -8.03e-01,-1.34e+00,+7.09e-01,+2.16e+00   2        -4
Vertex:       -4 ID:    0 (X,cT)=-1.67e-01,-1.67e-01,+9.02e-02,+3.31e-01
 I: 1     10009     -213 -8.03e-01,-1.34e+00,+7.09e-01,+2.16e+00   2        -4
 O: 2     10010     -211 -3.63e-01,-8.43e-02,+7.28e-01,+8.29e-01   1
          10011      111 -4.40e-01,-1.25e+00,-1.87e-02,+1.33e+00   1
________________________________________________________________________________
BEFORE:
________________________________________________________________________________
GenEvent: #0 ID=0 SignalProcessGenVertex Barcode: 0
 Momenutm units:     GEV     Position units:      MM
 Entries this event: 1 vertices, 4 particles.
 Beam Particles are not defined.
 RndmState(0)=
 Wgts(0)=
 EventScale -1 [energy] 	 alphaQCD=-1	 alphaQED=-1
                                    GenParticle Legend
        Barcode   PDG ID      ( Px,       Py,       Pz,     E ) Stat  DecayVtx
________________________________________________________________________________
GenVertex:       -1 ID:    0 (X,cT):0
 I: 2     10001      -11 +0.00e+00,+0.00e+00,-2.00e+00,+2.00e+00   3        -1
          10002       11 +0.00e+00,+0.00e+00,+3.50e+00,+3.50e+00   3        -1
 O: 2     10003      -15 +1.39e+00,+1.39e+00,+7.50e-01,+2.75e+00   1
          10004       15 -1.39e+00,-1.39e+00,+7.50e-01,+2.75e+00   1
________________________________________________________________________________
AFTER:
________________________________________________________________________________
GenEvent: #0 ID=0 SignalProcessGenVertex Barcode: 0
 Momenutm units:     GEV     Position units:      MM
 Entries this event: 4 vertices, 12 particles.
 Beam Particles are not defined.
 RndmState(0)=
 Wgts(0)=
 EventScale -1 [energy] 	 alphaQCD=-1	 alphaQED=-1
                                    GenParticle Legend
        Barcode   PDG ID      ( Px,       Py,       Pz,     E ) Stat  DecayVtx
________________________________________________________________________________
GenVertex:       -1 ID:    0 (X,cT):0
 I: 2     10001      -11 +0.00e+00,+0.00e+00,-2.00e+00,+2.00e+00   3        -1
          10002       11 +0.00e+00,+0.00e+00,+3.50e+00,+3.50e+00   3        -1
 O: 2     10003      -15 +1.39e+00,+1.39e+00,+7.50e-01,+2.75e+00   2        -2
          10004       15 -1.39e+00,-1.39e+00,+7.50e-01,+2.75e+00   2        -3
Vertex:       -2 ID:    0 (X,cT)=+5.31e-02,+5.31e-02,+2.87e-02,+1.05e-01
 I: 1     10003      -15 +1.39e+00,+1.39e+00,+7.50e-01,+2.75e+00   2        -2
 O: 4     10005      -16 -2.42e-01,+3.55e-02,-1.69e-01,+2.98e-01   1
          10006      -11 +1.16e+00,+9.92e-01,+8.63e-01,+1.75e+00   1
          10007       12 +1.86e-01,+1.14e-01,-1.57e-01,+2.69e-01   1
          10008       22 +2.84e-01,+2.45e-01,+2.13e-01,+4.31e-01   1
Vertex:       -3 ID:    0 (X,cT)=-1.88e-01,-1.88e-01,+1.02e-01,+3.72e-01
 I: 1     10004       15 -1.39e+00,-1.39e+00,+7.50e-01,+2.75e+00   2        -3
 O: 2     10009       16 -1.47e+00,-1.13e+00,+1.57e-01,+1.86e+00   1
          10010     -213 +8.04e-02,-2.57e-01,+5.93e-01,+8.92e-01   2        -4
Vertex:       -4 ID:    0 (X,cT)=-1.88e-01,-1.88e-01,+1.02e-01,+3.72e-01
 I: 1     10010     -213 +8.04e-02,-2.57e-01,+5.93e-01,+8.92e-01   2        -4
 O: 2     10011     -211 +2.09e-01,+5.82e-02,+4.08e-01,+4.82e-01   1
          10012      111 -1.28e-01,-3.15e-01,+1.85e-01,+4.10e-01   1
________________________________________________________________________________
BEFORE:
________________________________________________________________________________
GenEvent: #0 ID=0 SignalProcessGenVertex Barcode: 0
 Momenutm units:     GEV     Position units:      MM
 Entries this event: 1 vertices, 4 particles.
 Beam Particles are not defined.
 RndmState(0)=
 Wgts(0)=
 EventScale -1 [energy] 	 alphaQCD=-1	 alphaQED=-1
                                    GenParticle Legend
        Barcode   PDG ID      ( Px,       Py,       Pz,     E ) Stat  DecayVtx
________________________________________________________________________________
GenVertex:       -1 ID:    0 (X,cT):0
 I: 2     10001      -11 +0.00e+00,+0.00e+00,-2.00e+00,+2.00e+00   3        -1
          10002       11 +0.00e+00,+0.00e+00,+3.50e+00,+3.50e+00   3        -1
 O: 2     10003      -15 +1.39e+00,+1.39e+00,+7.50e-01,+2.75e+00   1
          10004       15 -1.39e+00,-1.39e+00,+7.50e-01,+2.75e+00   1
________________________________________________________________________________
AFTER:
________________________________________________________________________________
GenEvent: #0 ID=0 SignalProcessGenVertex Barcode: 0
 Momenutm units:     GEV     Position units:      MM
 Entries this event: 5 vertices, 13 particles.
 Beam Particles are not defined.
 RndmState(0)=
 Wgts(0)=
 EventScale -1 [energy] 	 alphaQCD=-1	 alphaQED=-1
                                    GenParticle Legend
        Barcode   PDG ID      ( Px,       Py,       Pz,     E ) Stat  DecayVtx
________________________________________________________________________________
GenVertex:       -1 ID:    0 (X,cT):0
 I: 2     10001      -11 +0.00e+00,+0.00e+00,-2.00e+00,+2.00e+00   3        -1
          10002       11 +0.00e+00,+0.00e+00,+3.50e+00,+3.50e+00   3        -1
 O: 2     10003      -15 +1.39e+00,+1.39e+00,+7.50e-01,+2.75e+00   2        -2
          10004       15 -1.39e+00,-1.39e+00,+7.50e-01,+2.75e+00   2        -4
Vertex:       -2 ID:    0 (X,cT)=+6.66e-02,+6.66e-02,+3.60e-02,+1.32e-01
 I: 1     10003      -15 +1.39e+00,+1.39e+00,+7.50e-01,+2.75e+00   2        -2
 O: 2     10005      -16 +7.72e-01,+1.46e-01,+3.06e-01,+8.44e-01   1
          10006    20213 +6.14e-01,+1.24e+00,+4.44e-01,+1.91e+00   2        -3
Vertex:       -3 ID:    0 (X,cT)=+6.66e-02,+6.66e-02,+3.60e-02,+1.32e-01
 I: 1     10006    20213 +6.14e-01,+1.24e+00,+4.44e-01,+1.91e+00   2        -3
 O: 3     10007      211 +4.47e-01,+4.88e-01,+4.55e-01,+8.15e-01   1
          10008      211 +4.50e-01,+4.83e-01,-4.22e-02,+6.76e-01   1
          10009     -211 -2.83e-01,+2.69e-01,+3.14e-02,+4.16e-01   1
Vertex:       -4 ID:    0 (X,cT)=-1.86e-02,-1.86e-02,+1.01e-02,+3.70e-02
 I: 1     10004       15 -1.39e+00,-1.39e+00,+7.50e-01,+2.75e+00   2        -4
 O: 2     10010       16 -5.42e-01,-1.38e+00,+5.65e-01,+1.59e+00   1
          10011     -213 -8.44e-01,-3.73e-03,+1.85e-01,+1.16e+00   2        -5
Vertex:       -5 ID:    0 (X,cT)=-1.86e-02,-1.86e-02,+1.01e-02,+3.70e-02
 I: 1     10011     -213 -8.44e-01,-3.73e-03,+1.85e-01,+1.16e+00   2        -5
 O: 2     10012     -211 -2.72e-01,-3.48e-01,+1.10e-01,+4.76e-01   1
          10013      111 -5.73e-01,+3.44e-01,+7.48e-02,+6.86e-01   1
________________________________________________________________________________
BEFORE:
________________________________________________________________________________
GenEvent: #0 ID=0 SignalProcessGenVertex Barcode: 0
 Momenutm units:     GEV     Position units:      MM
 Entries this event: 1 vertices, 4 particles.
 Beam Particles are not defined.
 RndmState(0)=
 Wgts(0)=
 EventScale -1 [energy] 	 alphaQCD=-1	 alphaQED=-1
                                    GenParticle Legend
        Barcode   PDG ID      ( Px,       Py,       Pz,     E ) Stat  DecayVtx
________________________________________________________________________________
GenVertex:       -1 ID:    0 (X,cT):0
 I: 2     10001      -11 +0.00e+00,+0.00e+00,-2.00e+00,+2.00e+00   3        -1
          10002       11 +0.00e+00,+0.00e+00,+3.50e+00,+3.50e+00   3        -1
 O: 2     10003      -15 +1.39e+00,+1.39e+00,+7.50e-01,+2.75e+00   1
          10004       15 -1.39e+00,-1.39e+00,+7.50e-01,+2.75e+00   1
________________________________________________________________________________
AFTER:
________________________________________________________________________________
GenEvent: #0 ID=0 SignalProcessGenVertex Barcode: 0
 Momenutm units:     GEV     Position units:      MM
 Entries this event: 5 vertices, 12 particles.
 Beam Particles are not defined.
 RndmState(0)=
 Wgts(0)=
 EventScale -1 [energy] 	 alphaQCD=-1	 alphaQED=-1
                                    GenParticle Legend
        Barcode   PDG ID      ( Px,       Py,       Pz,     E ) Stat  DecayVtx
________________________________________________________________________________
GenVertex:       -1 ID:    0 (X,cT):0
 I: 2     10001      -11 +0.00e+00,+0.00e+00,-2.00e+00,+2.00e+00   3        -1
          10002       11 +0.00e+00,+0.00e+00,+3.50e+00,+3.50e+00   3        -1
 O: 2     10003      -15 +1.39e+00,+1.39e+00,+7.50e-01,+2.75e+00   2        -2
          10004       15 -1.39e+00,-1.39e+00,+7.50e-01,+2.75e+00   2        -4
Vertex:       -2 ID:    0 (X,cT)=+4.80e-03,+4.80e-03,+2.60e-03,+9.52e-03
 I: 1     10003      -15 +1.39e+00,+1.39e+00,+7.50e-01,+2.75e+00   2        -2
 O: 2     10005      -16 +3.15e-01,+8.57e-01,+9.71e-01,+1.33e+00   1
          10006      213 +1.07e+00,+5.29e-01,-2.21e-01,+1.42e+00   2        -3
Vertex:       -3 ID:    0 (X,cT)=+4.80e-03,+4.80e-03,+2.60e-03,+9.52e-03
 I: 1     10006      213 +1.07e+00,+5.29e-01,-2.21e-01,+1.42e+00   2        -3
 O: 2     10007      211 +1.81e-01,+9.13e-02,+2.14e-01,+3.26e-01   1
          10008      111 +8.90e-01,+4.37e-01,-4.35e-01,+1.09e+00   1
Vertex:       -4 ID:    0 (X,cT)=-4.87e-03,-4.87e-03,+2.64e-03,+9.67e-03
 I: 1     10004       15 -1.39e+00,-1.39e+00,+7.50e-01,+2.75e+00   2        -4
 O: 2     10009       16 -6.00e-01,-1.24e+00,+8.74e-01,+1.63e+00   1
          10010     -213 -7.86e-01,-1.42e-01,-1.24e-01,+1.12e+00   2        -5
Vertex:       -5 ID:    0 (X,cT)=-4.87e-03,-4.87e-03,+2.64e-03,+9.67e-03
 I: 1     10010     -213 -7.86e-01,-1.42e-01,-1.24e-01,+1.12e+00   2        -5
 O: 2     10011     -211 -1.60e-01,-3.56e-01,-1.47e-01,+4.40e-01   1
          10012      111 -6.26e-01,+2.14e-01,+2.23e-02,+6.76e-01   1
________________________________________________________________________________
BEFORE:
________________________________________________________________________________
GenEvent: #0 ID=0 SignalProcessGenVertex Barcode: 0
 Momenutm units:     GEV     Position units:      MM
 Entries this event: 1 vertices, 4 particles.
 Beam Particles are not defined.
 RndmState(0)=
 Wgts(0)=
 EventScale -1 [energy] 	 alphaQCD=-1	 alphaQED=-1
                                    GenParticle Legend
        Barcode   PDG ID      ( Px,       Py,       Pz,     E ) Stat  DecayVtx
________________________________________________________________________________
GenVertex:       -1 ID:    0 (X,cT):0
 I: 2     10001      -11 +0.00e+00,+0.00e+00,-2.00e+00,+2.00e+00   3        -1
          10002       11 +0.00e+00,+0.00e+00,+3.50e+00,+3.50e+00   3        -1
 O: 2     10003      -15 +1.39e+00,+1.39e+00,+7.50e-01,+2.75e+00   1
          10004       15 -1.39e+00,-1.39e+00,+7.50e-01,+2.75e+00   1
________________________________________________________________________________
AFTER:
________________________________________________________________________________
GenEvent: #0 ID=0 SignalProcessGenVertex Barcode: 0
 Momenutm units:     GEV     Position units:      MM
 Entries this event: 4 vertices, 12 particles.
 Beam Particles are not defined.
 RndmState(0)=
 Wgts(0)=
 EventScale -1 [energy] 	 alphaQCD=-1	 alphaQED=-1
                                    GenParticle Legend
        Barcode   PDG ID      ( Px,       Py,       Pz,     E ) Stat  DecayVtx
________________________________________________________________________________
GenVertex:       -1 ID:    0 (X,cT):0
 I: 2     10001      -11 +0.00e+00,+0.00e+00,-2.00e+00,+2.00e+00   3        -1
          10002       11 +0.00e+00,+0.00e+00,+3.50e+00,+3.50e+00   3        -1
 O: 2     10003      -15 +1.39e+00,+1.39e+00,+7.50e-01,+2.75e+00   2        -2
          10004       15 -1.39e+00,-1.39e+00,+7.50e-01,+2.75e+00   2        -3
Vertex:       -2 ID:    0 (X,cT)=+8.68e-03,+8.68e-03,+4.70e-03,+1.72e-02
 I: 1     10003      -15 +1.39e+00,+1.39e+00,+7.50e-01,+2.75e+00   2        -2
 O: 3     10005      -16 +7.35e-01,+1.07e+00,+2.59e-01,+1.32e+00   1
          10006      -13 +7.95e-01,+4.17e-01,+7.06e-01,+1.15e+00   1
          10007       14 -1.44e-01,-1.02e-01,-2.15e-01,+2.78e-01   1
Vertex:       -3 ID:    0 (X,cT)=-1.27e-02,-1.27e-02,+6.89e-03,+2.52e-02
 I: 1     10004       15 -1.39e+00,-1.39e+00,+7.50e-01,+2.75e+00   2        -3
 O: 2     10008       16 +5.91e-02,-3.86e-01,-1.18e-01,+4.08e-01   1
          10009   -20213 -1.45e+00,-1.00e+00,+8.68e-01,+2.34e+00   2        -4
Vertex:       -4 ID:    0 (X,cT)=-1.27e-02,-1.27e-02,+6.89e-03,+2.52e-02
 I: 1     10009   -20213 -1.45e+00,-1.00e+00,+8.68e-01,+2.34e+00   2        -4
 O: 3     10010      111 -1.44e-01,+5.07e-03,+3.54e-01,+4.06e-01   1
          10011      111 -1.07e+00,-4.72e-01,+6.16e-01,+1.33e+00   1
          10012     -211 -2.28e-01,-5.33e-01,-1.03e-01,+6.05e-01   1
________________________________________________________________________________
BEFORE:
________________________________________________________________________________
GenEvent: #0 ID=0 SignalProcessGenVertex Barcode: 0
 Momenutm units:     GEV     Position units:      MM
 Entries this event: 1 vertices, 4 particles.
 Beam Particles are not defined.
 RndmState(0)=
 Wgts(0)=
 EventScale -1 [energy] 	 alphaQCD=-1	 alphaQED=-1
                                    GenParticle Legend
        Barcode   PDG ID      ( Px,       Py,       Pz,     E ) Stat  DecayVtx
________________________________________________________________________________
GenVertex:       -1 ID:    0 (X,cT):0
 I: 2     10001      -11 +0.00e+00,+0.00e+00,-2.00e+00,+2.00e+00   3        -1
          10002       11 +0.00e+00,+0.00e+00,+3.50e+00,+3.50e+00   3        -1
 O: 2     10003      -15 +1.39e+00,+1.39e+00,+7.50e-01,+2.75e+00   1
          10004       15 -1.39e+00,-1.39e+00,+7.50e-01,+2.75e+00   1
________________________________________________________________________________
AFTER:
________________________________________________________________________________
GenEvent: #0 ID=0 SignalProcessGenVertex Barcode: 0
 Momenutm units:     GEV     Position units:      MM
 Entries this event: 5 vertices, 15 particles.
 Beam Particles are not defined.
 RndmState(0)=
 Wgts(0)=
 EventScale -1 [energy] 	 alphaQCD=-1	 alphaQED=-1
                                    GenParticle Legend
        Barcode   PDG ID      ( Px,       Py,       Pz,     E ) Stat  DecayVtx
________________________________________________________________________________
GenVertex:       -1 ID:    0 (X,cT):0
 I: 2     10001      -11 +0.00e+00,+0.00e+00,-2.00e+00,+2.00e+00   3        -1
          10002       11 +0.00e+00,+0.00e+00,+3.50e+00,+3.50e+00   3        -1
 O: 2     10003      -15 +1.39e+00,+1.39e+00,+7.50e-01,+2.75e+00   2        -2
          10004       15 -1.39e+00,-1.39e+00,+7.50e-01,+2.75e+00   2        -4
Vertex:       -2 ID:    0 (X,cT)=+7.13e-02,+7.13e-02,+3.86e-02,+1.41e-01
 I: 1     10003      -15 +1.39e+00,+1.39e+00,+7.50e-01,+2.75e+00   2        -2
 O: 2     10005      -16 +1.07e+00,+9.52e-01,+6.03e-01,+1.55e+00   1
          10006       24 +3.17e-01,+4.34e-01,+1.47e-01,+1.20e+00   2        -3
Vertex:       -3 ID:    0 (X,cT)=+7.13e-02,+7.13e-02,+3.86e-02,+1.41e-01
 I: 1     10006       24 +3.17e-01,+4.34e-01,+1.47e-01,+1.20e+00   2        -3
 O: 4     10007      211 -2.83e-02,+6.93e-02,-4.23e-02,+1.64e-01   1
          10008      211 -1.30e-01,-6.62e-02,-8.51e-02,+2.19e-01   1
          10009     -211 +1.38e-01,+1.16e-01,+2.40e-01,+3.32e-01   1
          10010      111 +3.37e-01,+3.15e-01,+3.41e-02,+4.82e-01   1
Vertex:       -4 ID:    0 (X,cT)=-2.55e-02,-2.55e-02,+1.38e-02,+5.07e-02
 I: 1     10004       15 -1.39e+00,-1.39e+00,+7.50e-01,+2.75e+00   2        -4
 O: 2     10011       16 +1.87e-01,-3.66e-01,+2.07e-01,+4.60e-01   1
          10012   -20213 -1.57e+00,-1.02e+00,+5.43e-01,+2.29e+00   2        -5
Vertex:       -5 ID:    0 (X,cT)=-2.55e-02,-2.55e-02,+1.38e-02,+5.07e-02
 I: 1     10012   -20213 -1.57e+00,-1.02e+00,+5.43e-01,+2.29e+00   2        -5
 O: 3     10013      111 -5.14e-01,-6.88e-01,+2.40e-01,+9.02e-01   1
          10014      111 -4.96e-01,-3.47e-01,+4.77e-01,+7.82e-01   1
          10015     -211 -5.63e-01,+1.48e-02,-1.75e-01,+6.06e-01   1
________________________________________________________________________________



 ***************************************************************************
 *                         *****TAUOLA LIBRARY: VERSION 2.7 ******         *
 *                         ***********August   1995***************         *
 *                         **AUTHORS: S.JADACH, Z.WAS*************         *
 *                         **R. DECKER, M. JEZABEK, J.H.KUEHN*****         *
 *                         **AVAILABLE FROM: WASM AT CERNVM ******         *
 *                         ***** PUBLISHED IN COMP. PHYS. COMM.***         *
 *                          Physics initialization by CLEO collab          *
 *                          see Alain Weinstein www home page:             *
 *                         http://www.cithep.caltech.edu/~ajw/             *
 *                         /korb_doc.html#files                            *
 *                         *******CERN TH-6793 NOVEMBER  1992*****         *
 *                         **5 or more pi dec.: precision limited          *
 *                         ****DEKAY ROUTINE: INITIALIZATION******         *
 *                   0     JAK1   = DECAY MODE TAU+                        *
 *                   0     JAK2   = DECAY MODE TAU-                        *
 ***************************************************************************

  RANMAR INITIALIZED:   54217137           0         0

 ***************************************************************************

  KORB: rho/rhop -> pi-pi0 mixing:
  KORB: rho   =  0.7699000      0.1512000    
  KORB: rhop  =   1.370000      0.5100000     -0.1100000    
  KORB: K*/K*prime -> Kpi mixing:
  KORB: kstp  =   1.700000      0.2350000     -3.7999999E-02
  KORB: a1/a1prime -> 3pi, KKpi mixing:
  KORB: a1    =   1.275000      0.7000000    
  KORB: a1prim=   1.461000      0.2500000       0.000000    
  KORB: K1A/K1B -> Kpipi mixing:
  KORB: K1A   =   1.270000      9.0000004E-02   1.000000    
  KORB: K1B   =   1.402000      0.1740000      0.8000000    
  KORB: rho/rhop/rhopp -> 4pi mixing:
  KORB: rho   =  0.7699000      0.1512000    
  KORB: rhopp =   1.465000      0.3100000     -0.1100000    
  KORB: rhoppp=   1.700000      0.2350000     -0.1100000    
  KORB: 3PI-PI0 PARAMS:   0.000000      0.1242000      0.1604000      0.2711000      0.4443000    
  KORB: PI-3PI0 PARAMS:   0.000000       1.000000    
  In F3pi: add (rho-pi S-wave) + (rhop-pi S-wave) +
               (rho-pi D-wave) + (rhop-pi D-wave) +
    (f2 pi D-wave) + (sigmapi S-wave) + (f0pi S-wave)
